2024-01-26 15:47:03,190 - INFO - 
2024-01-26 15:47:19,527 - INFO - Starting Blog APIs...
2024-01-26 15:56:15,000 - INFO - Starting Blog APIs...
2024-01-26 15:56:15,013 - INFO - Populating Database
2024-01-26 15:57:31,421 - INFO - Starting Blog APIs...
2024-01-26 15:57:31,439 - INFO - Populating Database
2024-01-26 15:58:15,773 - INFO - Parsing the csrf token to user
2024-01-26 15:58:15,775 - WARNING - (trapped) error reading bcrypt version
Traceback (most recent call last):
  File "C:\Users\safdarm\Desktop\fastblog\venv\Lib\site-packages\passlib\handlers\bcrypt.py", line 620, in _load_backend_mixin
    version = _bcrypt.__about__.__version__
              ^^^^^^^^^^^^^^^^^
AttributeError: module 'bcrypt' has no attribute '__about__'
2024-01-26 15:58:24,870 - INFO - Displaying all posts
2024-01-26 15:58:45,350 - INFO - Starting Blog APIs...
2024-01-26 15:58:45,372 - INFO - Populating Database
2024-01-26 15:59:34,620 - INFO - Starting Blog APIs...
2024-01-26 15:59:34,629 - INFO - Populating Database
2024-01-26 15:59:47,728 - INFO - Starting Blog APIs...
2024-01-26 15:59:47,738 - INFO - Populating Database
2024-01-26 15:59:53,246 - INFO - Starting Blog APIs...
2024-01-26 15:59:53,255 - INFO - Populating Database
2024-01-26 15:59:58,541 - INFO - Displaying all posts
2024-01-26 17:59:26,013 - INFO - Starting Blog APIs...
2024-01-26 17:59:26,026 - INFO - Populating Database
2024-01-29 10:42:08,536 - INFO - Starting Blog APIs...
2024-01-29 10:42:08,566 - INFO - Populating Database
